C:\Github\HotelManagement\HotelManagement.Web.UI\HotelManagement\dist\out-tsc\e2e\src\app.po.js
C:\Github\HotelManagement\HotelManagement.Web.UI\HotelManagement\dist\out-tsc\e2e\src\app.po.js.map
C:\Github\HotelManagement\HotelManagement.Web.UI\HotelManagement\dist\out-tsc\e2e\src\app.e2e-spec.js
C:\Github\HotelManagement\HotelManagement.Web.UI\HotelManagement\dist\out-tsc\e2e\src\app.e2e-spec.js.map
C:\Github\HotelManagement\HotelManagement.Web.UI\HotelManagement\dist\out-tsc\src\app\app.component.js
C:\Github\HotelManagement\HotelManagement.Web.UI\HotelManagement\dist\out-tsc\src\app\app.component.js.map
C:\Github\HotelManagement\HotelManagement.Web.UI\HotelManagement\dist\out-tsc\src\app\app-routing.module.js
C:\Github\HotelManagement\HotelManagement.Web.UI\HotelManagement\dist\out-tsc\src\app\app-routing.module.js.map
C:\Github\HotelManagement\HotelManagement.Web.UI\HotelManagement\dist\out-tsc\src\app\top-bar\top-bar.component.js
C:\Github\HotelManagement\HotelManagement.Web.UI\HotelManagement\dist\out-tsc\src\app\top-bar\top-bar.component.js.map
C:\Github\HotelManagement\HotelManagement.Web.UI\HotelManagement\dist\out-tsc\src\app\models\ClientModel.js
C:\Github\HotelManagement\HotelManagement.Web.UI\HotelManagement\dist\out-tsc\src\app\models\ClientModel.js.map
C:\Github\HotelManagement\HotelManagement.Web.UI\HotelManagement\dist\out-tsc\src\app\models\RoomModel.js
C:\Github\HotelManagement\HotelManagement.Web.UI\HotelManagement\dist\out-tsc\src\app\models\RoomModel.js.map
C:\Github\HotelManagement\HotelManagement.Web.UI\HotelManagement\dist\out-tsc\src\app\models\FloorModel.js
C:\Github\HotelManagement\HotelManagement.Web.UI\HotelManagement\dist\out-tsc\src\app\models\FloorModel.js.map
C:\Github\HotelManagement\HotelManagement.Web.UI\HotelManagement\dist\out-tsc\src\app\services\booking.service.js
C:\Github\HotelManagement\HotelManagement.Web.UI\HotelManagement\dist\out-tsc\src\app\services\booking.service.js.map
C:\Github\HotelManagement\HotelManagement.Web.UI\HotelManagement\dist\out-tsc\src\app\services\api.service.js
C:\Github\HotelManagement\HotelManagement.Web.UI\HotelManagement\dist\out-tsc\src\app\services\api.service.js.map
C:\Github\HotelManagement\HotelManagement.Web.UI\HotelManagement\dist\out-tsc\src\app\services\room.service.js
C:\Github\HotelManagement\HotelManagement.Web.UI\HotelManagement\dist\out-tsc\src\app\services\room.service.js.map
C:\Github\HotelManagement\HotelManagement.Web.UI\HotelManagement\dist\out-tsc\src\app\models\PersonalBookingDetailModel.js
C:\Github\HotelManagement\HotelManagement.Web.UI\HotelManagement\dist\out-tsc\src\app\models\PersonalBookingDetailModel.js.map
C:\Github\HotelManagement\HotelManagement.Web.UI\HotelManagement\dist\out-tsc\src\app\models\GroupBookingDetailModel.js
C:\Github\HotelManagement\HotelManagement.Web.UI\HotelManagement\dist\out-tsc\src\app\models\GroupBookingDetailModel.js.map
C:\Github\HotelManagement\HotelManagement.Web.UI\HotelManagement\dist\out-tsc\src\app\models\ServiceModel.js
C:\Github\HotelManagement\HotelManagement.Web.UI\HotelManagement\dist\out-tsc\src\app\models\ServiceModel.js.map
C:\Github\HotelManagement\HotelManagement.Web.UI\HotelManagement\dist\out-tsc\src\app\models\ServiceTypeModel.js
C:\Github\HotelManagement\HotelManagement.Web.UI\HotelManagement\dist\out-tsc\src\app\models\ServiceTypeModel.js.map
C:\Github\HotelManagement\HotelManagement.Web.UI\HotelManagement\dist\out-tsc\src\app\services\service.service.js
C:\Github\HotelManagement\HotelManagement.Web.UI\HotelManagement\dist\out-tsc\src\app\services\service.service.js.map
C:\Github\HotelManagement\HotelManagement.Web.UI\HotelManagement\dist\out-tsc\src\app\models\ServiceOfInvoiceModel.js
C:\Github\HotelManagement\HotelManagement.Web.UI\HotelManagement\dist\out-tsc\src\app\models\ServiceOfInvoiceModel.js.map
C:\Github\HotelManagement\HotelManagement.Web.UI\HotelManagement\dist\out-tsc\src\app\models\InvoiceModel.js
C:\Github\HotelManagement\HotelManagement.Web.UI\HotelManagement\dist\out-tsc\src\app\models\InvoiceModel.js.map
C:\Github\HotelManagement\HotelManagement.Web.UI\HotelManagement\dist\out-tsc\src\app\services\invoice.service.js
C:\Github\HotelManagement\HotelManagement.Web.UI\HotelManagement\dist\out-tsc\src\app\services\invoice.service.js.map
C:\Github\HotelManagement\HotelManagement.Web.UI\HotelManagement\dist\out-tsc\src\app\services\client.service.js
C:\Github\HotelManagement\HotelManagement.Web.UI\HotelManagement\dist\out-tsc\src\app\services\client.service.js.map
C:\Github\HotelManagement\HotelManagement.Web.UI\HotelManagement\dist\out-tsc\src\app\check-in\check-in.component.js
C:\Github\HotelManagement\HotelManagement.Web.UI\HotelManagement\dist\out-tsc\src\app\check-in\check-in.component.js.map
C:\Github\HotelManagement\HotelManagement.Web.UI\HotelManagement\dist\out-tsc\src\app\booking\booking.component.js
C:\Github\HotelManagement\HotelManagement.Web.UI\HotelManagement\dist\out-tsc\src\app\booking\booking.component.js.map
C:\Github\HotelManagement\HotelManagement.Web.UI\HotelManagement\dist\out-tsc\src\app\check-out\check-out.component.js
C:\Github\HotelManagement\HotelManagement.Web.UI\HotelManagement\dist\out-tsc\src\app\check-out\check-out.component.js.map
C:\Github\HotelManagement\HotelManagement.Web.UI\HotelManagement\dist\out-tsc\src\app\update-service\update-service.component.js
C:\Github\HotelManagement\HotelManagement.Web.UI\HotelManagement\dist\out-tsc\src\app\update-service\update-service.component.js.map
C:\Github\HotelManagement\HotelManagement.Web.UI\HotelManagement\dist\out-tsc\src\app\room-list\room-list.component.js
C:\Github\HotelManagement\HotelManagement.Web.UI\HotelManagement\dist\out-tsc\src\app\room-list\room-list.component.js.map
C:\Github\HotelManagement\HotelManagement.Web.UI\HotelManagement\dist\out-tsc\src\app\booked-clients-list\booked-clients-list.component.js
C:\Github\HotelManagement\HotelManagement.Web.UI\HotelManagement\dist\out-tsc\src\app\booked-clients-list\booked-clients-list.component.js.map
C:\Github\HotelManagement\HotelManagement.Web.UI\HotelManagement\dist\out-tsc\src\app\invoice-list\invoice-list.component.js
C:\Github\HotelManagement\HotelManagement.Web.UI\HotelManagement\dist\out-tsc\src\app\invoice-list\invoice-list.component.js.map
C:\Github\HotelManagement\HotelManagement.Web.UI\HotelManagement\dist\out-tsc\src\app\app.module.js
C:\Github\HotelManagement\HotelManagement.Web.UI\HotelManagement\dist\out-tsc\src\app\app.module.js.map
C:\Github\HotelManagement\HotelManagement.Web.UI\HotelManagement\dist\out-tsc\src\environments\environment.js
C:\Github\HotelManagement\HotelManagement.Web.UI\HotelManagement\dist\out-tsc\src\environments\environment.js.map
C:\Github\HotelManagement\HotelManagement.Web.UI\HotelManagement\dist\out-tsc\src\main.js
C:\Github\HotelManagement\HotelManagement.Web.UI\HotelManagement\dist\out-tsc\src\main.js.map
C:\Github\HotelManagement\HotelManagement.Web.UI\HotelManagement\dist\out-tsc\src\polyfills.js
C:\Github\HotelManagement\HotelManagement.Web.UI\HotelManagement\dist\out-tsc\src\polyfills.js.map
C:\Github\HotelManagement\HotelManagement.Web.UI\HotelManagement\dist\out-tsc\src\test.js
C:\Github\HotelManagement\HotelManagement.Web.UI\HotelManagement\dist\out-tsc\src\test.js.map
C:\Github\HotelManagement\HotelManagement.Web.UI\HotelManagement\dist\out-tsc\src\app\app-navigation.js
C:\Github\HotelManagement\HotelManagement.Web.UI\HotelManagement\dist\out-tsc\src\app\app-navigation.js.map
C:\Github\HotelManagement\HotelManagement.Web.UI\HotelManagement\dist\out-tsc\src\environments\environment.prod.js
C:\Github\HotelManagement\HotelManagement.Web.UI\HotelManagement\dist\out-tsc\src\environments\environment.prod.js.map
